{
  "stats": {
    "suites": 1,
    "tests": 1,
    "passes": 1,
    "pending": 0,
    "failures": 0,
    "start": "2025-04-18T15:27:29.316Z",
    "end": "2025-04-18T15:27:34.231Z",
    "duration": 4915,
    "testsRegistered": 1,
    "passPercent": 100,
    "pendingPercent": 0,
    "other": 0,
    "hasOther": false,
    "skipped": 0,
    "hasSkipped": false
  },
  "results": [
    {
      "uuid": "65822589-61d1-4078-9541-059e6cecb967",
      "title": "",
      "fullFile": "cypress\\e2e\\cart.cy.js",
      "file": "cypress\\e2e\\cart.cy.js",
      "beforeHooks": [],
      "afterHooks": [],
      "tests": [],
      "suites": [
        {
          "uuid": "b9c6511c-57f9-470d-895b-c12d71f6763e",
          "title": "Cart Operations",
          "fullFile": "",
          "file": "",
          "beforeHooks": [],
          "afterHooks": [],
          "tests": [
            {
              "title": "Adds a product to cart and validates",
              "fullTitle": "Cart Operations Adds a product to cart and validates",
              "timedOut": null,
              "duration": 4857,
              "state": "passed",
              "speed": "fast",
              "pass": true,
              "fail": false,
              "pending": false,
              "context": null,
              "code": "cy.get('.product_sort_container').select('lohi');\ncy.get('.inventory_item').first().within(() => {\n  cy.contains('ADD TO CART').click();\n});\ncy.get('.shopping_cart_badge').should('have.text', '1');\ncy.get('.shopping_cart_link').click();\ncy.get('.cart_item').should('have.length', 1);",
              "err": {},
              "uuid": "15d340a8-45a7-495b-bc1a-43ab0d2c3fdc",
              "parentUUID": "b9c6511c-57f9-470d-895b-c12d71f6763e",
              "isHook": false,
              "skipped": false
            }
          ],
          "suites": [],
          "passes": [
            "15d340a8-45a7-495b-bc1a-43ab0d2c3fdc"
          ],
          "failures": [],
          "pending": [],
          "skipped": [],
          "duration": 4857,
          "root": false,
          "rootEmpty": false,
          "_timeout": 2000
        }
      ],
      "passes": [],
      "failures": [],
      "pending": [],
      "skipped": [],
      "duration": 0,
      "root": true,
      "rootEmpty": true,
      "_timeout": 2000
    }
  ],
  "meta": {
    "mocha": {
      "version": "7.2.0"
    },
    "mochawesome": {
      "options": {
        "quiet": false,
        "reportFilename": "mochawesome",
        "saveHtml": true,
        "saveJson": true,
        "consoleReporter": "spec",
        "useInlineDiffs": false,
        "code": true
      },
      "version": "7.1.3"
    },
    "marge": {
      "options": {
        "reportDir": "cypress/reports",
        "overwrite": false,
        "html": true,
        "json": true,
        "embeddedScreenshots": true,
        "charts": true
      },
      "version": "6.2.0"
    }
  }
}