{
  "stats": {
    "suites": 1,
    "tests": 1,
    "passes": 1,
    "pending": 0,
    "failures": 0,
    "start": "2025-04-18T15:27:36.509Z",
    "end": "2025-04-18T15:27:43.706Z",
    "duration": 7197,
    "testsRegistered": 1,
    "passPercent": 100,
    "pendingPercent": 0,
    "other": 0,
    "hasOther": false,
    "skipped": 0,
    "hasSkipped": false
  },
  "results": [
    {
      "uuid": "172c543f-8e0e-44cf-8ad4-c74ba0e4036c",
      "title": "",
      "fullFile": "cypress\\e2e\\checkout.cy.js",
      "file": "cypress\\e2e\\checkout.cy.js",
      "beforeHooks": [],
      "afterHooks": [],
      "tests": [],
      "suites": [
        {
          "uuid": "72605c90-d53b-4ca1-88ae-865de8dd458a",
          "title": "Checkout Process",
          "fullFile": "",
          "file": "",
          "beforeHooks": [],
          "afterHooks": [],
          "tests": [
            {
              "title": "Completes the checkout process",
              "fullTitle": "Checkout Process Completes the checkout process",
              "timedOut": null,
              "duration": 7144,
              "state": "passed",
              "speed": "medium",
              "pass": true,
              "fail": false,
              "pending": false,
              "context": null,
              "code": "cy.contains('CHECKOUT').click();\ncy.url().should('include', 'checkout-step-one');\ncy.get('[data-test=\"firstName\"]').type('John');\ncy.get('[data-test=\"lastName\"]').type('Doe');\ncy.get('[data-test=\"postalCode\"]').type('12345');\ncy.get('input[value=\"CONTINUE\"]').click();\ncy.contains('a.cart_button', 'FINISH').should('be.visible').click();\ncy.url().should('include', 'checkout-complete');\ncy.contains('THANK YOU FOR YOUR ORDER').should('be.visible');",
              "err": {},
              "uuid": "151fadc1-f386-42fb-9c2a-f62f2f9f8320",
              "parentUUID": "72605c90-d53b-4ca1-88ae-865de8dd458a",
              "isHook": false,
              "skipped": false
            }
          ],
          "suites": [],
          "passes": [
            "151fadc1-f386-42fb-9c2a-f62f2f9f8320"
          ],
          "failures": [],
          "pending": [],
          "skipped": [],
          "duration": 7144,
          "root": false,
          "rootEmpty": false,
          "_timeout": 2000
        }
      ],
      "passes": [],
      "failures": [],
      "pending": [],
      "skipped": [],
      "duration": 0,
      "root": true,
      "rootEmpty": true,
      "_timeout": 2000
    }
  ],
  "meta": {
    "mocha": {
      "version": "7.2.0"
    },
    "mochawesome": {
      "options": {
        "quiet": false,
        "reportFilename": "mochawesome",
        "saveHtml": true,
        "saveJson": true,
        "consoleReporter": "spec",
        "useInlineDiffs": false,
        "code": true
      },
      "version": "7.1.3"
    },
    "marge": {
      "options": {
        "reportDir": "cypress/reports",
        "overwrite": false,
        "html": true,
        "json": true,
        "embeddedScreenshots": true,
        "charts": true
      },
      "version": "6.2.0"
    }
  }
}