{
  "stats": {
    "suites": 1,
    "tests": 1,
    "passes": 1,
    "pending": 0,
    "failures": 0,
    "start": "2025-04-18T15:28:00.460Z",
    "end": "2025-04-18T15:28:08.485Z",
    "duration": 8025,
    "testsRegistered": 1,
    "passPercent": 100,
    "pendingPercent": 0,
    "other": 0,
    "hasOther": false,
    "skipped": 0,
    "hasSkipped": false
  },
  "results": [
    {
      "uuid": "a137db38-c42c-4bdf-9373-e7239fdfd213",
      "title": "",
      "fullFile": "cypress\\e2e\\login.cy.js",
      "file": "cypress\\e2e\\login.cy.js",
      "beforeHooks": [],
      "afterHooks": [],
      "tests": [],
      "suites": [
        {
          "uuid": "eac868fd-f3bf-42e0-979e-8ad83ea547ff",
          "title": "Login Test",
          "fullFile": "",
          "file": "",
          "beforeHooks": [],
          "afterHooks": [],
          "tests": [
            {
              "title": "Validates homepage load after login with valid credentials",
              "fullTitle": "Login Test Validates homepage load after login with valid credentials",
              "timedOut": null,
              "duration": 7969,
              "state": "passed",
              "speed": "medium",
              "pass": true,
              "fail": false,
              "pending": false,
              "context": null,
              "code": "cy.fixture('credentials').then(users => {\n  users.forEach(user => {\n    cy.get('#user-name').clear().type(user.username);\n    cy.get('#password').clear().type(user.password);\n    cy.get('#login-button').click();\n    if (user.username === 'standard_user') {\n      cy.url().should('include', 'inventory');\n      cy.get('.inventory_list').should('be.visible');\n      cy.visit('/');\n    } else {\n      cy.get('[data-test=\"error\"]').should('be.visible');\n    }\n  });\n});",
              "err": {},
              "uuid": "3bb1a396-abd5-487c-ad9d-e32a7615bbd1",
              "parentUUID": "eac868fd-f3bf-42e0-979e-8ad83ea547ff",
              "isHook": false,
              "skipped": false
            }
          ],
          "suites": [],
          "passes": [
            "3bb1a396-abd5-487c-ad9d-e32a7615bbd1"
          ],
          "failures": [],
          "pending": [],
          "skipped": [],
          "duration": 7969,
          "root": false,
          "rootEmpty": false,
          "_timeout": 2000
        }
      ],
      "passes": [],
      "failures": [],
      "pending": [],
      "skipped": [],
      "duration": 0,
      "root": true,
      "rootEmpty": true,
      "_timeout": 2000
    }
  ],
  "meta": {
    "mocha": {
      "version": "7.2.0"
    },
    "mochawesome": {
      "options": {
        "quiet": false,
        "reportFilename": "mochawesome",
        "saveHtml": true,
        "saveJson": true,
        "consoleReporter": "spec",
        "useInlineDiffs": false,
        "code": true
      },
      "version": "7.1.3"
    },
    "marge": {
      "options": {
        "reportDir": "cypress/reports",
        "overwrite": false,
        "html": true,
        "json": true,
        "embeddedScreenshots": true,
        "charts": true
      },
      "version": "6.2.0"
    }
  }
}